[14028:14136:1119/202138.589:INFO:components\enterprise\browser\controller\chrome_browser_cloud_management_controller.cc:206] No machine level policy manager exists.
[12016:4992:1119/202138.678:INFO:third_party\webrtc\rtc_base\cpu_info.cc:75] Available number of cores: 12
[12884:14144:1119/202138.680:INFO:third_party\webrtc\rtc_base\cpu_info.cc:75] Available number of cores: 12
[20196:8088:1119/202138.708:VERBOSE1:components\viz\service\main\viz_main_impl.cc:86] VizNullHypothesis is disabled (not a warning)
[19420:17264:1119/202138.879:INFO:third_party\webrtc\rtc_base\cpu_info.cc:75] Available number of cores: 12
[9828:17260:1119/202139.006:INFO:third_party\webrtc\rtc_base\cpu_info.cc:75] Available number of cores: 12
[14028:14136:1119/202139.593:INFO:CONSOLE:39] "✓ Stealth mode activated", source:  (39)
[14028:14136:1119/202140.041:INFO:CONSOLE:39] "✓ Stealth mode activated", source:  (39)
[14028:14136:1119/202140.124:INFO:CONSOLE:39] "✓ Stealth mode activated", source:  (39)
[14028:14136:1119/202140.418:INFO:CONSOLE:39] "✓ Stealth mode activated", source:  (39)
[19420:10736:1119/202140.444:ERROR:media\base\status.h:517] DecoderStatus::0
[14028:3988:1119/202143.279:ERROR:google_apis\gcm\engine\registration_request.cc:292] Registration response error message: QUOTA_EXCEEDED
[14028:14136:1119/202147.632:INFO:CONSOLE:20] "1단계: flicking-viewport 존재: false", source:  (20)
[14028:14136:1119/202147.632:INFO:CONSOLE:58] "대안: ul 요소 개수: 94", source:  (58)
[14028:14136:1119/202147.739:INFO:CONSOLE:20] "1단계: flicking-viewport 존재: false", source:  (20)
[14028:14136:1119/202147.739:INFO:CONSOLE:58] "대안: ul 요소 개수: 94", source:  (58)
[14028:14136:1119/202147.840:INFO:CONSOLE:20] "1단계: flicking-viewport 존재: false", source:  (20)
[14028:14136:1119/202147.840:INFO:CONSOLE:58] "대안: ul 요소 개수: 94", source:  (58)
[14028:14136:1119/202147.940:INFO:CONSOLE:20] "1단계: flicking-viewport 존재: false", source:  (20)
[14028:14136:1119/202147.940:INFO:CONSOLE:58] "대안: ul 요소 개수: 94", source:  (58)
[14028:14136:1119/202148.039:INFO:CONSOLE:20] "1단계: flicking-viewport 존재: false", source:  (20)
[14028:14136:1119/202148.040:INFO:CONSOLE:58] "대안: ul 요소 개수: 94", source:  (58)
[14028:14136:1119/202148.139:INFO:CONSOLE:20] "1단계: flicking-viewport 존재: false", source:  (20)
[14028:14136:1119/202148.139:INFO:CONSOLE:58] "대안: ul 요소 개수: 94", source:  (58)
[14028:14136:1119/202148.240:INFO:CONSOLE:20] "1단계: flicking-viewport 존재: false", source:  (20)
[14028:14136:1119/202148.240:INFO:CONSOLE:58] "대안: ul 요소 개수: 94", source:  (58)
[14028:14136:1119/202148.340:INFO:CONSOLE:20] "1단계: flicking-viewport 존재: false", source:  (20)
[14028:14136:1119/202148.340:INFO:CONSOLE:58] "대안: ul 요소 개수: 94", source:  (58)
[14028:14136:1119/202148.439:INFO:CONSOLE:20] "1단계: flicking-viewport 존재: false", source:  (20)
[14028:14136:1119/202148.440:INFO:CONSOLE:58] "대안: ul 요소 개수: 94", source:  (58)
[14028:14136:1119/202148.539:INFO:CONSOLE:20] "1단계: flicking-viewport 존재: false", source:  (20)
[14028:14136:1119/202148.539:INFO:CONSOLE:58] "대안: ul 요소 개수: 94", source:  (58)
[14028:14136:1119/202148.640:INFO:CONSOLE:20] "1단계: flicking-viewport 존재: false", source:  (20)
[14028:14136:1119/202148.640:INFO:CONSOLE:58] "대안: ul 요소 개수: 94", source:  (58)
[14028:14136:1119/202148.740:INFO:CONSOLE:20] "1단계: flicking-viewport 존재: false", source:  (20)
[14028:14136:1119/202148.740:INFO:CONSOLE:58] "대안: ul 요소 개수: 94", source:  (58)
[14028:14136:1119/202148.839:INFO:CONSOLE:20] "1단계: flicking-viewport 존재: false", source:  (20)
[14028:14136:1119/202148.839:INFO:CONSOLE:58] "대안: ul 요소 개수: 94", source:  (58)
[14028:14136:1119/202148.939:INFO:CONSOLE:20] "1단계: flicking-viewport 존재: false", source:  (20)
[14028:14136:1119/202148.939:INFO:CONSOLE:58] "대안: ul 요소 개수: 94", source:  (58)
[14028:14136:1119/202149.039:INFO:CONSOLE:20] "1단계: flicking-viewport 존재: false", source:  (20)
[14028:14136:1119/202149.039:INFO:CONSOLE:58] "대안: ul 요소 개수: 94", source:  (58)
[14028:14136:1119/202149.139:INFO:CONSOLE:20] "1단계: flicking-viewport 존재: false", source:  (20)
[14028:14136:1119/202149.139:INFO:CONSOLE:58] "대안: ul 요소 개수: 94", source:  (58)
[14028:14136:1119/202149.239:INFO:CONSOLE:20] "1단계: flicking-viewport 존재: false", source:  (20)
[14028:14136:1119/202149.239:INFO:CONSOLE:58] "대안: ul 요소 개수: 94", source:  (58)
[14028:14136:1119/202149.340:INFO:CONSOLE:20] "1단계: flicking-viewport 존재: false", source:  (20)
[14028:14136:1119/202149.340:INFO:CONSOLE:58] "대안: ul 요소 개수: 94", source:  (58)
[14028:14136:1119/202149.439:INFO:CONSOLE:20] "1단계: flicking-viewport 존재: false", source:  (20)
[14028:14136:1119/202149.439:INFO:CONSOLE:58] "대안: ul 요소 개수: 94", source:  (58)
[14028:14136:1119/202149.540:INFO:CONSOLE:20] "1단계: flicking-viewport 존재: false", source:  (20)
[14028:14136:1119/202149.540:INFO:CONSOLE:58] "대안: ul 요소 개수: 94", source:  (58)
[14028:14136:1119/202149.639:INFO:CONSOLE:20] "1단계: flicking-viewport 존재: false", source:  (20)
[14028:14136:1119/202149.639:INFO:CONSOLE:58] "대안: ul 요소 개수: 94", source:  (58)
[14028:14136:1119/202149.740:INFO:CONSOLE:20] "1단계: flicking-viewport 존재: false", source:  (20)
[14028:14136:1119/202149.740:INFO:CONSOLE:58] "대안: ul 요소 개수: 94", source:  (58)
[14028:14136:1119/202149.839:INFO:CONSOLE:20] "1단계: flicking-viewport 존재: false", source:  (20)
[14028:14136:1119/202149.839:INFO:CONSOLE:58] "대안: ul 요소 개수: 94", source:  (58)
[14028:14136:1119/202149.940:INFO:CONSOLE:20] "1단계: flicking-viewport 존재: false", source:  (20)
[14028:14136:1119/202149.940:INFO:CONSOLE:58] "대안: ul 요소 개수: 94", source:  (58)
[14028:14136:1119/202150.039:INFO:CONSOLE:20] "1단계: flicking-viewport 존재: false", source:  (20)
[14028:14136:1119/202150.039:INFO:CONSOLE:58] "대안: ul 요소 개수: 94", source:  (58)
[14028:14136:1119/202150.140:INFO:CONSOLE:20] "1단계: flicking-viewport 존재: false", source:  (20)
[14028:14136:1119/202150.140:INFO:CONSOLE:58] "대안: ul 요소 개수: 94", source:  (58)
[14028:14136:1119/202150.239:INFO:CONSOLE:20] "1단계: flicking-viewport 존재: false", source:  (20)
[14028:14136:1119/202150.239:INFO:CONSOLE:58] "대안: ul 요소 개수: 94", source:  (58)
[14028:14136:1119/202150.340:INFO:CONSOLE:20] "1단계: flicking-viewport 존재: false", source:  (20)
[14028:14136:1119/202150.340:INFO:CONSOLE:58] "대안: ul 요소 개수: 94", source:  (58)
[14028:14136:1119/202150.440:INFO:CONSOLE:20] "1단계: flicking-viewport 존재: false", source:  (20)
[14028:14136:1119/202150.440:INFO:CONSOLE:58] "대안: ul 요소 개수: 94", source:  (58)
[14028:14136:1119/202150.540:INFO:CONSOLE:20] "1단계: flicking-viewport 존재: false", source:  (20)
[14028:14136:1119/202150.540:INFO:CONSOLE:58] "대안: ul 요소 개수: 94", source:  (58)
[14028:14136:1119/202150.640:INFO:CONSOLE:20] "1단계: flicking-viewport 존재: false", source:  (20)
[14028:14136:1119/202150.640:INFO:CONSOLE:58] "대안: ul 요소 개수: 94", source:  (58)
[14028:14136:1119/202150.740:INFO:CONSOLE:20] "1단계: flicking-viewport 존재: false", source:  (20)
[14028:14136:1119/202150.740:INFO:CONSOLE:58] "대안: ul 요소 개수: 94", source:  (58)
[14028:14136:1119/202150.840:INFO:CONSOLE:20] "1단계: flicking-viewport 존재: false", source:  (20)
[14028:14136:1119/202150.840:INFO:CONSOLE:58] "대안: ul 요소 개수: 94", source:  (58)
[14028:14136:1119/202150.939:INFO:CONSOLE:20] "1단계: flicking-viewport 존재: false", source:  (20)
[14028:14136:1119/202150.939:INFO:CONSOLE:58] "대안: ul 요소 개수: 94", source:  (58)
[14028:14136:1119/202151.039:INFO:CONSOLE:20] "1단계: flicking-viewport 존재: false", source:  (20)
[14028:14136:1119/202151.040:INFO:CONSOLE:58] "대안: ul 요소 개수: 94", source:  (58)
[14028:14136:1119/202151.140:INFO:CONSOLE:20] "1단계: flicking-viewport 존재: false", source:  (20)
[14028:14136:1119/202151.140:INFO:CONSOLE:58] "대안: ul 요소 개수: 94", source:  (58)
[14028:14136:1119/202151.240:INFO:CONSOLE:20] "1단계: flicking-viewport 존재: false", source:  (20)
[14028:14136:1119/202151.240:INFO:CONSOLE:58] "대안: ul 요소 개수: 94", source:  (58)
[14028:14136:1119/202151.339:INFO:CONSOLE:20] "1단계: flicking-viewport 존재: false", source:  (20)
[14028:14136:1119/202151.340:INFO:CONSOLE:58] "대안: ul 요소 개수: 94", source:  (58)
[14028:14136:1119/202151.439:INFO:CONSOLE:20] "1단계: flicking-viewport 존재: false", source:  (20)
[14028:14136:1119/202151.439:INFO:CONSOLE:58] "대안: ul 요소 개수: 94", source:  (58)
[14028:14136:1119/202151.540:INFO:CONSOLE:20] "1단계: flicking-viewport 존재: false", source:  (20)
[14028:14136:1119/202151.540:INFO:CONSOLE:58] "대안: ul 요소 개수: 94", source:  (58)
[14028:14136:1119/202151.640:INFO:CONSOLE:20] "1단계: flicking-viewport 존재: false", source:  (20)
[14028:14136:1119/202151.640:INFO:CONSOLE:58] "대안: ul 요소 개수: 94", source:  (58)
[14028:14136:1119/202151.739:INFO:CONSOLE:20] "1단계: flicking-viewport 존재: false", source:  (20)
[14028:14136:1119/202151.739:INFO:CONSOLE:58] "대안: ul 요소 개수: 94", source:  (58)
[14028:14136:1119/202151.840:INFO:CONSOLE:20] "1단계: flicking-viewport 존재: false", source:  (20)
[14028:14136:1119/202151.840:INFO:CONSOLE:58] "대안: ul 요소 개수: 94", source:  (58)
[14028:14136:1119/202151.939:INFO:CONSOLE:20] "1단계: flicking-viewport 존재: false", source:  (20)
[14028:14136:1119/202151.940:INFO:CONSOLE:58] "대안: ul 요소 개수: 94", source:  (58)
[14028:14136:1119/202152.040:INFO:CONSOLE:20] "1단계: flicking-viewport 존재: false", source:  (20)
[14028:14136:1119/202152.040:INFO:CONSOLE:58] "대안: ul 요소 개수: 94", source:  (58)
[14028:14136:1119/202152.140:INFO:CONSOLE:20] "1단계: flicking-viewport 존재: false", source:  (20)
[14028:14136:1119/202152.140:INFO:CONSOLE:58] "대안: ul 요소 개수: 94", source:  (58)
[14028:14136:1119/202152.241:INFO:CONSOLE:20] "1단계: flicking-viewport 존재: false", source:  (20)
[14028:14136:1119/202152.241:INFO:CONSOLE:58] "대안: ul 요소 개수: 94", source:  (58)
[14028:14136:1119/202152.340:INFO:CONSOLE:20] "1단계: flicking-viewport 존재: false", source:  (20)
[14028:14136:1119/202152.340:INFO:CONSOLE:58] "대안: ul 요소 개수: 94", source:  (58)
[14028:14136:1119/202152.441:INFO:CONSOLE:20] "1단계: flicking-viewport 존재: false", source:  (20)
[14028:14136:1119/202152.441:INFO:CONSOLE:58] "대안: ul 요소 개수: 94", source:  (58)
[14028:14136:1119/202152.541:INFO:CONSOLE:20] "1단계: flicking-viewport 존재: false", source:  (20)
[14028:14136:1119/202152.541:INFO:CONSOLE:58] "대안: ul 요소 개수: 94", source:  (58)
[14028:14136:1119/202152.641:INFO:CONSOLE:112] "총 링크 개수: 0", source:  (112)
[14028:14136:1119/202152.641:INFO:CONSOLE:113] "찾을 NV MID: 83522529851", source:  (113)
[14028:14136:1119/202152.641:INFO:CONSOLE:114] "찾은 요소: 없음", source:  (114)
[14028:14136:1119/202152.641:INFO:CONSOLE:126] "디버깅 정보: {"totalLinks":0,"targetNvmid":"83522529851","foundNvmids":[],"found":false,"matchedNvmid":null,"hasFlickingViewport":false,"hasListItems":0}", source:  (126)
[19420:10736:1119/202153.463:ERROR:media\base\status.h:517] DecoderStatus::0
[19420:10736:1119/202155.634:ERROR:media\base\status.h:517] DecoderStatus::0
[2908:20360:1119/202158.091:WARNING:net\extras\sqlite\sqlite_persistent_store_backend_base.cc:176] Failed to post task from FlushAndNotifyInBackground@net\extras\sqlite\sqlite_persistent_store_backend_base.cc:226 to client_task_runner_.
[2908:20360:1119/202158.091:WARNING:net\extras\sqlite\sqlite_persistent_store_backend_base.cc:176] Failed to post task from FlushAndNotifyInBackground@net\extras\sqlite\sqlite_persistent_store_backend_base.cc:226 to client_task_runner_.
